1613774391129	geckodriver	INFO	Listening on 127.0.0.1:63901
1613774394139	mozrunner::runner	INFO	Running command: "C:\\Program Files\\Mozilla Firefox\\firefox.exe" "--marionette" "-foreground" "-no-remote" "-profile" "C:\\Users\\Harshock\\AppData\\Local\\Temp\\rust_mozprofilebsriU8"
console.warn: SearchSettings: "get: No settings file exists, new profile?" (new Error("", "(unknown module)"))
1613774399490	Marionette	INFO	Listening on port 63909
1613774400009	Marionette	WARN	TLS certificate errors will be ignored for this session
1613774400021	Marionette	ERROR	[15] No reply from Marionette:Register
console.warn: SearchSettings: "get: No settings file exists, new profile?" (new Error("", "(unknown module)"))
1613774401707	Marionette	INFO	Stopped listening on port 63909

###!!! [Child][RunMessage] Error: Channel closing: too late to send/recv, messages will be lost


###!!! [Child][RunMessage] Error: Channel closing: too late to send/recv, messages will be lost

1613774473939	geckodriver	INFO	Listening on 127.0.0.1:63969
1613774476999	mozrunner::runner	INFO	Running command: "C:\\Program Files\\Mozilla Firefox\\firefox.exe" "--marionette" "-foreground" "-no-remote" "-profile" "C:\\Users\\Harshock\\AppData\\Local\\Temp\\rust_mozprofileagFFfA"
console.warn: SearchSettings: "get: No settings file exists, new profile?" (new Error("", "(unknown module)"))
1613774481336	Marionette	INFO	Listening on port 63977
1613774481835	Marionette	WARN	TLS certificate errors will be ignored for this session
1613774481847	Marionette	ERROR	[15] No reply from Marionette:Register
console.warn: SearchSettings: "get: No settings file exists, new profile?" (new Error("", "(unknown module)"))
1613774483272	Marionette	INFO	Stopped listening on port 63977
JavaScript error: resource://gre/modules/UrlClassifierListManager.jsm, line 691: TypeError: this.tablesData[table] is undefined

###!!! [Child][RunMessage] Error: Channel closing: too late to send/recv, messages will be lost


###!!! [Child][RunMessage] Error: Channel closing: too late to send/recv, messages will be lost

1613774569774	geckodriver	INFO	Listening on 127.0.0.1:64023
1613774572819	mozrunner::runner	INFO	Running command: "C:\\Program Files\\Mozilla Firefox\\firefox.exe" "--marionette" "-foreground" "-no-remote" "-profile" "C:\\Users\\Harshock\\AppData\\Local\\Temp\\rust_mozprofilejtgzqy"
console.warn: SearchSettings: "get: No settings file exists, new profile?" (new Error("", "(unknown module)"))
1613774576487	Marionette	INFO	Listening on port 64031
1613774576539	Marionette	WARN	TLS certificate errors will be ignored for this session
1613774576552	Marionette	ERROR	[15] No reply from Marionette:Register
console.warn: SearchSettings: "get: No settings file exists, new profile?" (new Error("", "(unknown module)"))
1613774578239	Marionette	INFO	Stopped listening on port 64031
JavaScript error: resource://gre/modules/UrlClassifierListManager.jsm, line 691: TypeError: this.tablesData[table] is undefined

###!!! [Child][RunMessage] Error: Channel closing: too late to send/recv, messages will be lost

1613774908159	geckodriver	INFO	Listening on 127.0.0.1:64129
1613774911179	mozrunner::runner	INFO	Running command: "C:\\Program Files\\Mozilla Firefox\\firefox.exe" "--marionette" "-foreground" "-no-remote" "-profile" "C:\\Users\\Harshock\\AppData\\Local\\Temp\\rust_mozprofileUKpuiJ"
console.warn: SearchSettings: "get: No settings file exists, new profile?" (new Error("", "(unknown module)"))
1613774914613	Marionette	INFO	Listening on port 64140
console.warn: SearchSettings: "get: No settings file exists, new profile?" (new Error("", "(unknown module)"))
1613774914911	Marionette	WARN	TLS certificate errors will be ignored for this session
1613774914924	Marionette	ERROR	[18] No reply from Marionette:Register
1613774916168	Marionette	INFO	Stopped listening on port 64140
JavaScript error: resource://gre/modules/UrlClassifierListManager.jsm, line 691: TypeError: this.tablesData[table] is undefined

###!!! [Child][RunMessage] Error: Channel closing: too late to send/recv, messages will be lost

1613775067639	geckodriver	INFO	Listening on 127.0.0.1:64199
1613775070699	mozrunner::runner	INFO	Running command: "C:\\Program Files\\Mozilla Firefox\\firefox.exe" "--marionette" "-foreground" "-no-remote" "-profile" "C:\\Users\\Harshock\\AppData\\Local\\Temp\\rust_mozprofileBu4sFJ"
console.warn: SearchSettings: "get: No settings file exists, new profile?" (new Error("", "(unknown module)"))
1613775074069	Marionette	INFO	Listening on port 64207
1613775074382	Marionette	WARN	TLS certificate errors will be ignored for this session
1613775074398	Marionette	ERROR	[15] No reply from Marionette:Register
console.warn: SearchSettings: "get: No settings file exists, new profile?" (new Error("", "(unknown module)"))
1613775075812	Marionette	INFO	Stopped listening on port 64207
JavaScript error: resource://gre/modules/UrlClassifierListManager.jsm, line 691: TypeError: this.tablesData[table] is undefined

###!!! [Child][RunMessage] Error: Channel closing: too late to send/recv, messages will be lost


###!!! [Child][RunMessage] Error: Channel closing: too late to send/recv, messages will be lost

1613776067790	geckodriver	INFO	Listening on 127.0.0.1:64438
1613776070809	mozrunner::runner	INFO	Running command: "C:\\Program Files\\Mozilla Firefox\\firefox.exe" "--marionette" "-foreground" "-no-remote" "-profile" "C:\\Users\\Harshock\\AppData\\Local\\Temp\\rust_mozprofilePSqDCf"
console.warn: SearchSettings: "get: No settings file exists, new profile?" (new Error("", "(unknown module)"))
1613776074301	Marionette	INFO	Listening on port 64446
1613776074499	Marionette	WARN	TLS certificate errors will be ignored for this session
1613776074513	Marionette	ERROR	[18] No reply from Marionette:Register
console.warn: SearchSettings: "get: No settings file exists, new profile?" (new Error("", "(unknown module)"))
1613776075846	Marionette	INFO	Stopped listening on port 64446
JavaScript error: resource://gre/modules/UrlClassifierListManager.jsm, line 691: TypeError: this.tablesData[table] is undefined

###!!! [Child][RunMessage] Error: Channel closing: too late to send/recv, messages will be lost


###!!! [Child][RunMessage] Error: Channel closing: too late to send/recv, messages will be lost

1613782871230	geckodriver	INFO	Listening on 127.0.0.1:65200
1613782874269	mozrunner::runner	INFO	Running command: "C:\\Program Files\\Mozilla Firefox\\firefox.exe" "--marionette" "-foreground" "-no-remote" "-profile" "C:\\Users\\Harshock\\AppData\\Local\\Temp\\rust_mozprofileLQ8uxt"
console.warn: SearchSettings: "get: No settings file exists, new profile?" (new Error("", "(unknown module)"))
1613782880655	Marionette	INFO	Listening on port 65208
1613782880713	Marionette	WARN	TLS certificate errors will be ignored for this session
1613782880727	Marionette	ERROR	[15] No reply from Marionette:Register
console.warn: SearchSettings: "get: No settings file exists, new profile?" (new Error("", "(unknown module)"))
1613782882423	Marionette	INFO	Stopped listening on port 65208
JavaScript error: resource://gre/modules/UrlClassifierListManager.jsm, line 691: TypeError: this.tablesData[table] is undefined

###!!! [Child][RunMessage] Error: Channel closing: too late to send/recv, messages will be lost

1613785509998	geckodriver	INFO	Listening on 127.0.0.1:65461
1613785513019	mozrunner::runner	INFO	Running command: "C:\\Program Files\\Mozilla Firefox\\firefox.exe" "--marionette" "-foreground" "-no-remote" "-profile" "C:\\Users\\Harshock\\AppData\\Local\\Temp\\rust_mozprofile79hLav"
console.warn: SearchSettings: "get: No settings file exists, new profile?" (new Error("", "(unknown module)"))
1613785517402	Marionette	INFO	Listening on port 65473
1613785517846	Marionette	WARN	TLS certificate errors will be ignored for this session
1613785517858	Marionette	ERROR	[15] No reply from Marionette:Register
console.warn: SearchSettings: "get: No settings file exists, new profile?" (new Error("", "(unknown module)"))
1613785519776	Marionette	INFO	Stopped listening on port 65473
JavaScript error: resource://activity-stream/lib/ASRouter.jsm, line 987: NS_ERROR_ILLEGAL_VALUE: Component returned failure code: 0x80070057 (NS_ERROR_ILLEGAL_VALUE) [nsIObserverService.removeObserver]
console.warn: services.settings: main/cfr-fxa sync interrupted by shutdown

###!!! [Child][RunMessage] Error: Channel closing: too late to send/recv, messages will be lost

1613785757616	geckodriver	INFO	Listening on 127.0.0.1:49173
1613785760669	mozrunner::runner	INFO	Running command: "C:\\Program Files\\Mozilla Firefox\\firefox.exe" "--marionette" "-foreground" "-no-remote" "-profile" "C:\\Users\\Harshock\\AppData\\Local\\Temp\\rust_mozprofileTGGATG"
console.warn: SearchSettings: "get: No settings file exists, new profile?" (new Error("", "(unknown module)"))
1613785764333	Marionette	INFO	Listening on port 49181
1613785764388	Marionette	WARN	TLS certificate errors will be ignored for this session
1613785764422	Marionette	ERROR	[15] No reply from Marionette:Register
console.warn: SearchSettings: "get: No settings file exists, new profile?" (new Error("", "(unknown module)"))
1613785767696	Marionette	INFO	Stopped listening on port 49181
JavaScript error: resource://activity-stream/lib/ASRouter.jsm, line 987: NS_ERROR_ILLEGAL_VALUE: Component returned failure code: 0x80070057 (NS_ERROR_ILLEGAL_VALUE) [nsIObserverService.removeObserver]
JavaScript error: resource://gre/modules/UrlClassifierListManager.jsm, line 691: TypeError: this.tablesData[table] is undefined
[Parent 13892, IPC I/O Parent] WARNING: file /builds/worker/checkouts/gecko/ipc/chromium/src/base/process_util_win.cc:167

###!!! [Child][RunMessage] Error: Channel closing: too late to send/recv, messages will be lost

1613786028105	geckodriver	INFO	Listening on 127.0.0.1:49251
1613786031128	mozrunner::runner	INFO	Running command: "C:\\Program Files\\Mozilla Firefox\\firefox.exe" "--marionette" "-foreground" "-no-remote" "-profile" "C:\\Users\\Harshock\\AppData\\Local\\Temp\\rust_mozprofile46E2kh"
console.warn: SearchSettings: "get: No settings file exists, new profile?" (new Error("", "(unknown module)"))
1613786034819	Marionette	INFO	Listening on port 49259
1613786035316	Marionette	WARN	TLS certificate errors will be ignored for this session
1613786035327	Marionette	ERROR	[15] No reply from Marionette:Register
console.warn: SearchSettings: "get: No settings file exists, new profile?" (new Error("", "(unknown module)"))
1613786036575	Marionette	INFO	Stopped listening on port 49259
JavaScript error: resource://gre/modules/UrlClassifierListManager.jsm, line 691: TypeError: this.tablesData[table] is undefined

###!!! [Child][RunMessage] Error: Channel closing: too late to send/recv, messages will be lost

1613787221502	geckodriver	INFO	Listening on 127.0.0.1:49375
1613787224524	mozrunner::runner	INFO	Running command: "C:\\Program Files\\Mozilla Firefox\\firefox.exe" "--marionette" "-foreground" "-no-remote" "-profile" "C:\\Users\\Harshock\\AppData\\Local\\Temp\\rust_mozprofileT3PqYJ"
console.warn: SearchSettings: "get: No settings file exists, new profile?" (new Error("", "(unknown module)"))
1613787228774	Marionette	INFO	Listening on port 49383
1613787228861	Marionette	WARN	TLS certificate errors will be ignored for this session
1613787228878	Marionette	ERROR	[15] No reply from Marionette:Register
console.warn: SearchSettings: "get: No settings file exists, new profile?" (new Error("", "(unknown module)"))
1613787230629	Marionette	INFO	Stopped listening on port 49383
JavaScript error: resource://gre/modules/UrlClassifierListManager.jsm, line 691: TypeError: this.tablesData[table] is undefined

###!!! [Child][RunMessage] Error: Channel closing: too late to send/recv, messages will be lost


###!!! [Child][RunMessage] Error: Channel closing: too late to send/recv, messages will be lost


###!!! [Child][RunMessage] Error: Channel closing: too late to send/recv, messages will be lost

1613787328043	geckodriver	INFO	Listening on 127.0.0.1:49441
1613787331065	mozrunner::runner	INFO	Running command: "C:\\Program Files\\Mozilla Firefox\\firefox.exe" "--marionette" "-foreground" "-no-remote" "-profile" "C:\\Users\\Harshock\\AppData\\Local\\Temp\\rust_mozprofile6jtCfb"
console.warn: SearchSettings: "get: No settings file exists, new profile?" (new Error("", "(unknown module)"))
1613787334660	Marionette	INFO	Listening on port 49449
1613787334763	Marionette	WARN	TLS certificate errors will be ignored for this session
1613787334776	Marionette	ERROR	[15] No reply from Marionette:Register
console.warn: SearchSettings: "get: No settings file exists, new profile?" (new Error("", "(unknown module)"))
1613787336022	Marionette	INFO	Stopped listening on port 49449

###!!! [Child][RunMessage] Error: Channel closing: too late to send/recv, messages will be lost

